<?xml version="1.0" encoding="UTF-8"?>
<coverage generated="1627349278257" clover="3.2.0">
  <project timestamp="1627349278257" name="All files">
    <metrics statements="21" coveredstatements="5" conditionals="15" coveredconditionals="2" methods="3" coveredmethods="1" elements="39" coveredelements="8" complexity="0" loc="21" ncloc="21" packages="1" files="1" classes="1"/>
    <file name="scroll.ts" path="/Users/vb/openSource/virtual-scroll/packages/vue-virtual-scroll/scroll.ts">
      <metrics statements="21" coveredstatements="5" conditionals="15" coveredconditionals="2" methods="3" coveredmethods="1"/>
      <line num="7" count="0" type="stmt"/>
      <line num="13" count="1" type="stmt"/>
      <line num="14" count="1" type="stmt"/>
      <line num="16" count="1" type="cond" truecount="1" falsecount="1"/>
      <line num="17" count="0" type="stmt"/>
      <line num="18" count="0" type="cond" truecount="0" falsecount="4"/>
      <line num="19" count="0" type="stmt"/>
      <line num="20" count="0" type="stmt"/>
      <line num="24" count="1" type="cond" truecount="1" falsecount="1"/>
      <line num="25" count="0" type="stmt"/>
      <line num="26" count="0" type="cond" truecount="0" falsecount="2"/>
      <line num="27" count="0" type="stmt"/>
      <line num="28" count="0" type="stmt"/>
      <line num="33" count="1" type="stmt"/>
      <line num="37" count="0" type="stmt"/>
      <line num="38" count="0" type="stmt"/>
      <line num="40" count="0" type="stmt"/>
      <line num="41" count="0" type="cond" truecount="0" falsecount="4"/>
      <line num="42" count="0" type="stmt"/>
      <line num="43" count="0" type="stmt"/>
      <line num="47" count="0" type="stmt"/>
    </file>
  </project>
</coverage>
