{"/Users/vb/openSource/virtual-scroll/packages/vue-virtual-scroll/index.vue": {"path":"/Users/vb/openSource/virtual-scroll/packages/vue-virtual-scroll/index.vue","statementMap":{"0":{"start":{"line":21,"column":0},"end":{"line":21,"column":null}},"1":{"start":{"line":22,"column":0},"end":{"line":22,"column":null}},"2":{"start":{"line":23,"column":0},"end":{"line":23,"column":null}},"3":{"start":{"line":24,"column":0},"end":{"line":24,"column":null}},"4":{"start":{"line":25,"column":0},"end":{"line":25,"column":null}},"5":{"start":{"line":27,"column":0},"end":{"line":27,"column":15}},"6":{"start":{"line":51,"column":4},"end":{"line":51,"column":9}},"7":{"start":{"line":52,"column":27},"end":{"line":52,"column":51}},"8":{"start":{"line":53,"column":29},"end":{"line":53,"column":53}},"9":{"start":{"line":54,"column":34},"end":{"line":54,"column":58}},"10":{"start":{"line":55,"column":25},"end":{"line":55,"column":36}},"11":{"start":{"line":56,"column":28},"end":{"line":56,"column":39}},"12":{"start":{"line":57,"column":38},"end":{"line":57,"column":50}},"13":{"start":{"line":58,"column":30},"end":{"line":58,"column":42}},"14":{"start":{"line":59,"column":29},"end":{"line":59,"column":37}},"15":{"start":{"line":60,"column":33},"end":{"line":60,"column":45}},"16":{"start":{"line":61,"column":32},"end":{"line":61,"column":51}},"17":{"start":{"line":62,"column":33},"end":{"line":62,"column":45}},"18":{"start":{"line":65,"column":8},"end":{"line":65,"column":16}},"19":{"start":{"line":68,"column":30},"end":{"line":68,"column":38}},"20":{"start":{"line":68,"column":63},"end":{"line":68,"column":70}},"21":{"start":{"line":69,"column":36},"end":{"line":69,"column":null}},"22":{"start":{"line":70,"column":31},"end":{"line":70,"column":null}},"23":{"start":{"line":73,"column":12},"end":{"line":73,"column":29}},"24":{"start":{"line":74,"column":12},"end":{"line":87,"column":null}},"25":{"start":{"line":75,"column":16},"end":{"line":75,"column":28}},"26":{"start":{"line":76,"column":16},"end":{"line":83,"column":null}},"27":{"start":{"line":76,"column":28},"end":{"line":76,"column":31}},"28":{"start":{"line":77,"column":20},"end":{"line":77,"column":25}},"29":{"start":{"line":82,"column":20},"end":{"line":82,"column":28}},"30":{"start":{"line":84,"column":16},"end":{"line":84,"column":25}},"31":{"start":{"line":85,"column":20},"end":{"line":85,"column":27}},"32":{"start":{"line":88,"column":12},"end":{"line":94,"column":null}},"33":{"start":{"line":89,"column":16},"end":{"line":89,"column":28}},"34":{"start":{"line":90,"column":16},"end":{"line":93,"column":null}},"35":{"start":{"line":90,"column":28},"end":{"line":90,"column":31}},"36":{"start":{"line":91,"column":20},"end":{"line":91,"column":25}},"37":{"start":{"line":92,"column":20},"end":{"line":92,"column":28}},"38":{"start":{"line":97,"column":20},"end":{"line":97,"column":21}},"39":{"start":{"line":97,"column":36},"end":{"line":97,"column":54}},"40":{"start":{"line":97,"column":52},"end":{"line":97,"column":54}},"41":{"start":{"line":98,"column":20},"end":{"line":98,"column":25}},"42":{"start":{"line":100,"column":16},"end":{"line":100,"column":28}},"43":{"start":{"line":101,"column":16},"end":{"line":101,"column":22}},"44":{"start":{"line":102,"column":16},"end":{"line":102,"column":21}},"45":{"start":{"line":103,"column":16},"end":{"line":107,"column":null}},"46":{"start":{"line":104,"column":20},"end":{"line":104,"column":25}},"47":{"start":{"line":106,"column":20},"end":{"line":106,"column":25}},"48":{"start":{"line":108,"column":16},"end":{"line":108,"column":24}},"49":{"start":{"line":97,"column":54},"end":{"line":97,"column":null}},"50":{"start":{"line":110,"column":12},"end":{"line":110,"column":18}},"51":{"start":{"line":113,"column":28},"end":{"line":113,"column":null}},"52":{"start":{"line":117,"column":36},"end":{"line":117,"column":null}},"53":{"start":{"line":119,"column":12},"end":{"line":119,"column":29}},"54":{"start":{"line":120,"column":12},"end":{"line":120,"column":29}},"55":{"start":{"line":120,"column":68},"end":{"line":120,"column":75}},"56":{"start":{"line":121,"column":12},"end":{"line":121,"column":29}},"57":{"start":{"line":121,"column":68},"end":{"line":121,"column":75}},"58":{"start":{"line":122,"column":12},"end":{"line":127,"column":null}},"59":{"start":{"line":123,"column":16},"end":{"line":126,"column":null}},"60":{"start":{"line":123,"column":28},"end":{"line":123,"column":31}},"61":{"start":{"line":124,"column":20},"end":{"line":124,"column":25}},"62":{"start":{"line":125,"column":20},"end":{"line":125,"column":28}},"63":{"start":{"line":128,"column":12},"end":{"line":133,"column":null}},"64":{"start":{"line":129,"column":16},"end":{"line":132,"column":null}},"65":{"start":{"line":129,"column":28},"end":{"line":129,"column":31}},"66":{"start":{"line":130,"column":20},"end":{"line":130,"column":25}},"67":{"start":{"line":131,"column":20},"end":{"line":131,"column":28}},"68":{"start":{"line":135,"column":8},"end":{"line":135,"column":20}},"69":{"start":{"line":136,"column":12},"end":{"line":136,"column":23}},"70":{"start":{"line":136,"column":66},"end":{"line":136,"column":74}},"71":{"start":{"line":137,"column":12},"end":{"line":139,"column":null}},"72":{"start":{"line":138,"column":16},"end":{"line":138,"column":null}},"73":{"start":{"line":141,"column":8},"end":{"line":141,"column":18}},"74":{"start":{"line":141,"column":18},"end":{"line":141,"column":null}},"75":{"start":{"line":142,"column":12},"end":{"line":142,"column":33}},"76":{"start":{"line":143,"column":12},"end":{"line":143,"column":20}},"77":{"start":{"line":144,"column":12},"end":{"line":144,"column":22}},"78":{"start":{"line":146,"column":12},"end":{"line":146,"column":22}},"79":{"start":{"line":147,"column":32},"end":{"line":147,"column":null}},"80":{"start":{"line":148,"column":40},"end":{"line":148,"column":69}},"81":{"start":{"line":152,"column":16},"end":{"line":152,"column":25}},"82":{"start":{"line":153,"column":16},"end":{"line":159,"column":null}},"83":{"start":{"line":154,"column":20},"end":{"line":154,"column":35}},"84":{"start":{"line":155,"column":20},"end":{"line":155,"column":38}},"85":{"start":{"line":157,"column":20},"end":{"line":157,"column":35}},"86":{"start":{"line":158,"column":20},"end":{"line":158,"column":38}},"87":{"start":{"line":160,"column":16},"end":{"line":160,"column":32}},"88":{"start":{"line":161,"column":16},"end":{"line":165,"column":null}},"89":{"start":{"line":162,"column":20},"end":{"line":162,"column":34}},"90":{"start":{"line":164,"column":20},"end":{"line":164,"column":34}},"91":{"start":{"line":166,"column":16},"end":{"line":169,"column":null}},"92":{"start":{"line":167,"column":20},"end":{"line":167,"column":35}},"93":{"start":{"line":168,"column":20},"end":{"line":168,"column":27}},"94":{"start":{"line":170,"column":16},"end":{"line":170,"column":31}},"95":{"start":{"line":171,"column":16},"end":{"line":171,"column":34}},"96":{"start":{"line":175,"column":8},"end":{"line":175,"column":null}}},"fnMap":{"0":{"name":"(anonymous_22)","decl":{"start":{"line":51,"column":4},"end":{"line":51,"column":9}},"loc":{"start":{"line":51,"column":15},"end":{"line":185,"column":null}}},"1":{"name":"renderTomstoneItem","decl":{"start":{"line":67,"column":17},"end":{"line":67,"column":36}},"loc":{"start":{"line":67,"column":76},"end":{"line":95,"column":null}}},"2":{"name":"(anonymous_24)","decl":{"start":{"line":68,"column":52},"end":{"line":68,"column":59}},"loc":{"start":{"line":68,"column":59},"end":{"line":68,"column":null}}},"3":{"name":"(anonymous_25)","decl":{"start":{"line":84,"column":25},"end":{"line":84,"column":null}},"loc":{"start":{"line":84,"column":25},"end":{"line":86,"column":null}}},"4":{"name":"renderItem","decl":{"start":{"line":96,"column":23},"end":{"line":96,"column":34}},"loc":{"start":{"line":96,"column":70},"end":{"line":111,"column":null}}},"5":{"name":"recycle","decl":{"start":{"line":112,"column":17},"end":{"line":112,"column":24}},"loc":{"start":{"line":112,"column":24},"end":{"line":134,"column":null}}},"6":{"name":"(anonymous_30)","decl":{"start":{"line":120,"column":57},"end":{"line":120,"column":64}},"loc":{"start":{"line":120,"column":64},"end":{"line":120,"column":null}}},"7":{"name":"(anonymous_31)","decl":{"start":{"line":121,"column":57},"end":{"line":121,"column":64}},"loc":{"start":{"line":121,"column":64},"end":{"line":121,"column":null}}},"8":{"name":"(anonymous_32)","decl":{"start":{"line":135,"column":20},"end":{"line":135,"column":null}},"loc":{"start":{"line":135,"column":20},"end":{"line":140,"column":null}}},"9":{"name":"(anonymous_33)","decl":{"start":{"line":136,"column":54},"end":{"line":136,"column":62}},"loc":{"start":{"line":136,"column":62},"end":{"line":136,"column":null}}},"10":{"name":"(anonymous_34)","decl":{"start":{"line":141,"column":18},"end":{"line":141,"column":null}},"loc":{"start":{"line":141,"column":18},"end":{"line":173,"column":null}}},"11":{"name":"(anonymous_37)","decl":{"start":{"line":146,"column":66},"end":{"line":146,"column":null}},"loc":{"start":{"line":146,"column":66},"end":{"line":172,"column":15}}}},"branchMap":{"0":{"loc":{"start":{"line":74,"column":12},"end":{"line":87,"column":null}},"type":"if","locations":[{"start":{"line":74,"column":12},"end":{"line":87,"column":null}},{"start":{"line":74,"column":12},"end":{"line":87,"column":null}}]},"1":{"loc":{"start":{"line":80,"column":98},"end":{"line":80,"column":106}},"type":"cond-expr","locations":[{"start":{"line":80,"column":98},"end":{"line":80,"column":106}},{"start":{"line":80,"column":106},"end":{"line":80,"column":null}}]},"2":{"loc":{"start":{"line":88,"column":12},"end":{"line":94,"column":null}},"type":"if","locations":[{"start":{"line":88,"column":12},"end":{"line":94,"column":null}},{"start":{"line":88,"column":12},"end":{"line":94,"column":null}}]},"3":{"loc":{"start":{"line":97,"column":36},"end":{"line":97,"column":54}},"type":"if","locations":[{"start":{"line":97,"column":36},"end":{"line":97,"column":54}},{"start":{"line":97,"column":36},"end":{"line":97,"column":54}}]},"4":{"loc":{"start":{"line":102,"column":110},"end":{"line":102,"column":112}},"type":"cond-expr","locations":[{"start":{"line":102,"column":110},"end":{"line":102,"column":112}},{"start":{"line":102,"column":110},"end":{"line":102,"column":null}}]},"5":{"loc":{"start":{"line":102,"column":90},"end":{"line":102,"column":112}},"type":"binary-expr","locations":[{"start":{"line":102,"column":90},"end":{"line":102,"column":112}},{"start":{"line":102,"column":110},"end":{"line":102,"column":112}}]},"6":{"loc":{"start":{"line":103,"column":16},"end":{"line":107,"column":null}},"type":"if","locations":[{"start":{"line":103,"column":16},"end":{"line":107,"column":null}},{"start":{"line":103,"column":16},"end":{"line":107,"column":null}}]},"7":{"loc":{"start":{"line":122,"column":12},"end":{"line":127,"column":null}},"type":"if","locations":[{"start":{"line":122,"column":12},"end":{"line":127,"column":null}},{"start":{"line":122,"column":12},"end":{"line":127,"column":null}}]},"8":{"loc":{"start":{"line":128,"column":12},"end":{"line":133,"column":null}},"type":"if","locations":[{"start":{"line":128,"column":12},"end":{"line":133,"column":null}},{"start":{"line":128,"column":12},"end":{"line":133,"column":null}}]},"9":{"loc":{"start":{"line":137,"column":12},"end":{"line":139,"column":null}},"type":"if","locations":[{"start":{"line":137,"column":12},"end":{"line":139,"column":null}},{"start":{"line":137,"column":12},"end":{"line":139,"column":null}}]},"10":{"loc":{"start":{"line":142,"column":73},"end":{"line":142,"column":75}},"type":"cond-expr","locations":[{"start":{"line":142,"column":73},"end":{"line":142,"column":75}},{"start":{"line":142,"column":73},"end":{"line":142,"column":null}}]},"11":{"loc":{"start":{"line":142,"column":42},"end":{"line":142,"column":75}},"type":"binary-expr","locations":[{"start":{"line":142,"column":42},"end":{"line":142,"column":75}},{"start":{"line":142,"column":73},"end":{"line":142,"column":75}}]},"12":{"loc":{"start":{"line":146,"column":28},"end":{"line":146,"column":30}},"type":"cond-expr","locations":[{"start":{"line":146,"column":28},"end":{"line":146,"column":30}},{"start":{"line":146,"column":28},"end":{"line":146,"column":30}}]},"13":{"loc":{"start":{"line":146,"column":12},"end":{"line":146,"column":30}},"type":"binary-expr","locations":[{"start":{"line":146,"column":12},"end":{"line":146,"column":30}},{"start":{"line":146,"column":28},"end":{"line":146,"column":30}}]},"14":{"loc":{"start":{"line":153,"column":16},"end":{"line":159,"column":null}},"type":"if","locations":[{"start":{"line":153,"column":16},"end":{"line":159,"column":null}},{"start":{"line":153,"column":16},"end":{"line":159,"column":null}}]},"15":{"loc":{"start":{"line":160,"column":154},"end":{"line":160,"column":210}},"type":"cond-expr","locations":[{"start":{"line":160,"column":154},"end":{"line":160,"column":210}},{"start":{"line":160,"column":210},"end":{"line":160,"column":null}}]},"16":{"loc":{"start":{"line":161,"column":16},"end":{"line":165,"column":null}},"type":"if","locations":[{"start":{"line":161,"column":16},"end":{"line":165,"column":null}},{"start":{"line":161,"column":16},"end":{"line":165,"column":null}}]},"17":{"loc":{"start":{"line":166,"column":16},"end":{"line":169,"column":null}},"type":"if","locations":[{"start":{"line":166,"column":16},"end":{"line":169,"column":null}},{"start":{"line":166,"column":16},"end":{"line":169,"column":null}}]}},"s":{"0":1,"1":1,"2":1,"3":1,"4":1,"5":1,"6":22,"7":22,"8":22,"9":22,"10":22,"11":22,"12":22,"13":22,"14":22,"15":22,"16":22,"17":22,"18":22,"19":0,"20":0,"21":0,"22":0,"23":0,"24":0,"25":0,"26":0,"27":0,"28":0,"29":0,"30":0,"31":0,"32":0,"33":0,"34":0,"35":0,"36":0,"37":0,"38":22,"39":22,"40":0,"41":22,"42":22,"43":22,"44":0,"45":0,"46":0,"47":0,"48":0,"49":0,"50":0,"51":0,"52":0,"53":0,"54":0,"55":0,"56":0,"57":0,"58":0,"59":0,"60":0,"61":0,"62":0,"63":0,"64":0,"65":0,"66":0,"67":0,"68":22,"69":44,"70":8800,"71":44,"72":0,"73":22,"74":22,"75":22,"76":22,"77":22,"78":22,"79":0,"80":0,"81":0,"82":0,"83":0,"84":0,"85":0,"86":0,"87":0,"88":0,"89":0,"90":0,"91":0,"92":0,"93":0,"94":0,"95":0,"96":22},"f":{"0":22,"1":0,"2":0,"3":0,"4":22,"5":0,"6":0,"7":0,"8":44,"9":8800,"10":44,"11":0},"b":{"0":[0,0],"1":[0,0],"2":[0,0],"3":[0,22],"4":[0,0],"5":[0,0],"6":[0,0],"7":[0,0],"8":[0,0],"9":[0,44],"10":[0,22],"11":[22,22],"12":[0,22],"13":[22,22],"14":[0,0],"15":[0,0],"16":[0,0],"17":[0,0]}}
,"/Users/vb/openSource/virtual-scroll/packages/vue-virtual-scroll/queue.ts": {"path":"/Users/vb/openSource/virtual-scroll/packages/vue-virtual-scroll/queue.ts","statementMap":{"0":{"start":{"line":1,"column":31},"end":{"line":1,"column":33}},"1":{"start":{"line":2,"column":23},"end":{"line":2,"column":28}},"2":{"start":{"line":5,"column":4},"end":{"line":5,"column":null}},"3":{"start":{"line":6,"column":4},"end":{"line":8,"column":null}},"4":{"start":{"line":7,"column":8},"end":{"line":7,"column":null}},"5":{"start":{"line":12,"column":4},"end":{"line":12,"column":null}},"6":{"start":{"line":13,"column":4},"end":{"line":13,"column":null}},"7":{"start":{"line":14,"column":4},"end":{"line":14,"column":null}},"8":{"start":{"line":15,"column":4},"end":{"line":15,"column":null}},"9":{"start":{"line":16,"column":4},"end":{"line":18,"column":null}},"10":{"start":{"line":17,"column":8},"end":{"line":17,"column":null}},"11":{"start":{"line":21,"column":0},"end":{"line":21,"column":null}}},"fnMap":{"0":{"name":"addQueue","decl":{"start":{"line":4,"column":9},"end":{"line":4,"column":17}},"loc":{"start":{"line":4,"column":33},"end":{"line":9,"column":1}}},"1":{"name":"executionQueue","decl":{"start":{"line":11,"column":15},"end":{"line":11,"column":29}},"loc":{"start":{"line":11,"column":45},"end":{"line":19,"column":null}}}},"branchMap":{"0":{"loc":{"start":{"line":6,"column":4},"end":{"line":8,"column":null}},"type":"if","locations":[{"start":{"line":6,"column":4},"end":{"line":8,"column":null}},{"start":{"line":6,"column":4},"end":{"line":8,"column":null}}]},"1":{"loc":{"start":{"line":16,"column":4},"end":{"line":18,"column":null}},"type":"if","locations":[{"start":{"line":16,"column":4},"end":{"line":18,"column":null}},{"start":{"line":16,"column":4},"end":{"line":18,"column":null}}]}},"s":{"0":1,"1":1,"2":0,"3":0,"4":0,"5":0,"6":0,"7":0,"8":0,"9":0,"10":0,"11":1},"f":{"0":0,"1":0},"b":{"0":[0,0],"1":[0,0]}}
,"/Users/vb/openSource/virtual-scroll/packages/vue-virtual-scroll/scroll.ts": {"path":"/Users/vb/openSource/virtual-scroll/packages/vue-virtual-scroll/scroll.ts","statementMap":{"0":{"start":{"line":6,"column":4},"end":{"line":6,"column":null}},"1":{"start":{"line":5,"column":0},"end":{"line":5,"column":16}},"2":{"start":{"line":12,"column":22},"end":{"line":12,"column":39}},"3":{"start":{"line":13,"column":25},"end":{"line":13,"column":26}},"4":{"start":{"line":15,"column":4},"end":{"line":22,"column":null}},"5":{"start":{"line":16,"column":8},"end":{"line":21,"column":null}},"6":{"start":{"line":16,"column":20},"end":{"line":16,"column":30}},"7":{"start":{"line":17,"column":12},"end":{"line":20,"column":null}},"8":{"start":{"line":18,"column":16},"end":{"line":18,"column":null}},"9":{"start":{"line":19,"column":16},"end":{"line":19,"column":21}},"10":{"start":{"line":23,"column":4},"end":{"line":30,"column":null}},"11":{"start":{"line":24,"column":8},"end":{"line":29,"column":null}},"12":{"start":{"line":24,"column":20},"end":{"line":24,"column":30}},"13":{"start":{"line":25,"column":12},"end":{"line":28,"column":null}},"14":{"start":{"line":26,"column":16},"end":{"line":26,"column":null}},"15":{"start":{"line":27,"column":16},"end":{"line":27,"column":21}},"16":{"start":{"line":32,"column":4},"end":{"line":32,"column":null}},"17":{"start":{"line":10,"column":0},"end":{"line":10,"column":16}},"18":{"start":{"line":36,"column":22},"end":{"line":36,"column":39}},"19":{"start":{"line":37,"column":25},"end":{"line":37,"column":26}},"20":{"start":{"line":39,"column":4},"end":{"line":44,"column":null}},"21":{"start":{"line":39,"column":16},"end":{"line":39,"column":17}},"22":{"start":{"line":40,"column":8},"end":{"line":43,"column":null}},"23":{"start":{"line":41,"column":12},"end":{"line":41,"column":null}},"24":{"start":{"line":42,"column":12},"end":{"line":42,"column":17}},"25":{"start":{"line":46,"column":4},"end":{"line":46,"column":null}},"26":{"start":{"line":35,"column":0},"end":{"line":35,"column":16}}},"fnMap":{"0":{"name":"getScrollHeight","decl":{"start":{"line":5,"column":16},"end":{"line":5,"column":31}},"loc":{"start":{"line":5,"column":47},"end":{"line":7,"column":1}}},"1":{"name":"getScrollItemIndex","decl":{"start":{"line":10,"column":16},"end":{"line":10,"column":34}},"loc":{"start":{"line":10,"column":126},"end":{"line":33,"column":1}}},"2":{"name":"getCurrentTopItemIndex","decl":{"start":{"line":35,"column":16},"end":{"line":35,"column":38}},"loc":{"start":{"line":35,"column":82},"end":{"line":47,"column":1}}}},"branchMap":{"0":{"loc":{"start":{"line":10,"column":81},"end":{"line":10,"column":87}},"type":"default-arg","locations":[{"start":{"line":10,"column":81},"end":{"line":10,"column":87}}]},"1":{"loc":{"start":{"line":15,"column":4},"end":{"line":22,"column":null}},"type":"if","locations":[{"start":{"line":15,"column":4},"end":{"line":22,"column":null}},{"start":{"line":15,"column":4},"end":{"line":22,"column":null}}]},"2":{"loc":{"start":{"line":17,"column":12},"end":{"line":20,"column":null}},"type":"if","locations":[{"start":{"line":17,"column":12},"end":{"line":20,"column":null}},{"start":{"line":17,"column":12},"end":{"line":20,"column":null}}]},"3":{"loc":{"start":{"line":17,"column":15},"end":{"line":17,"column":52}},"type":"binary-expr","locations":[{"start":{"line":17,"column":15},"end":{"line":17,"column":52}},{"start":{"line":17,"column":56},"end":{"line":17,"column":95}}]},"4":{"loc":{"start":{"line":23,"column":4},"end":{"line":30,"column":null}},"type":"if","locations":[{"start":{"line":23,"column":4},"end":{"line":30,"column":null}},{"start":{"line":23,"column":4},"end":{"line":30,"column":null}}]},"5":{"loc":{"start":{"line":25,"column":12},"end":{"line":28,"column":null}},"type":"if","locations":[{"start":{"line":25,"column":12},"end":{"line":28,"column":null}},{"start":{"line":25,"column":12},"end":{"line":28,"column":null}}]},"6":{"loc":{"start":{"line":40,"column":8},"end":{"line":43,"column":null}},"type":"if","locations":[{"start":{"line":40,"column":8},"end":{"line":43,"column":null}},{"start":{"line":40,"column":8},"end":{"line":43,"column":null}}]},"7":{"loc":{"start":{"line":40,"column":11},"end":{"line":40,"column":48}},"type":"binary-expr","locations":[{"start":{"line":40,"column":11},"end":{"line":40,"column":48}},{"start":{"line":40,"column":52},"end":{"line":40,"column":90}}]}},"s":{"0":0,"1":1,"2":0,"3":0,"4":0,"5":0,"6":0,"7":0,"8":0,"9":0,"10":0,"11":0,"12":0,"13":0,"14":0,"15":0,"16":0,"17":1,"18":0,"19":0,"20":0,"21":0,"22":0,"23":0,"24":0,"25":0,"26":1},"f":{"0":0,"1":0,"2":0},"b":{"0":[0],"1":[0,0],"2":[0,0],"3":[0,0],"4":[0,0],"5":[0,0],"6":[0,0],"7":[0,0]}}
,"/Users/vb/openSource/virtual-scroll/packages/vue-virtual-scroll/utils.ts": {"path":"/Users/vb/openSource/virtual-scroll/packages/vue-virtual-scroll/utils.ts","statementMap":{"0":{"start":{"line":1,"column":0},"end":{"line":1,"column":34}},"1":{"start":{"line":9,"column":4},"end":{"line":13,"column":null}},"2":{"start":{"line":10,"column":8},"end":{"line":12,"column":null}},"3":{"start":{"line":11,"column":12},"end":{"line":11,"column":null}},"4":{"start":{"line":8,"column":0},"end":{"line":8,"column":22}},"5":{"start":{"line":17,"column":16},"end":{"line":17,"column":31}},"6":{"start":{"line":19,"column":4},"end":{"line":27,"column":null}},"7":{"start":{"line":20,"column":8},"end":{"line":20,"column":null}},"8":{"start":{"line":21,"column":8},"end":{"line":21,"column":null}},"9":{"start":{"line":22,"column":8},"end":{"line":22,"column":null}},"10":{"start":{"line":23,"column":8},"end":{"line":23,"column":null}},"11":{"start":{"line":24,"column":8},"end":{"line":26,"column":null}},"12":{"start":{"line":25,"column":12},"end":{"line":25,"column":null}},"13":{"start":{"line":29,"column":4},"end":{"line":29,"column":null}},"14":{"start":{"line":16,"column":0},"end":{"line":16,"column":16}},"15":{"start":{"line":33,"column":4},"end":{"line":35,"column":null}},"16":{"start":{"line":33,"column":16},"end":{"line":33,"column":26}},"17":{"start":{"line":34,"column":8},"end":{"line":34,"column":null}},"18":{"start":{"line":32,"column":0},"end":{"line":32,"column":16}}},"fnMap":{"0":{"name":"sleep","decl":{"start":{"line":8,"column":22},"end":{"line":8,"column":27}},"loc":{"start":{"line":8,"column":41},"end":{"line":14,"column":null}}},"1":{"name":"(anonymous_9)","decl":{"start":{"line":9,"column":23},"end":{"line":9,"column":24}},"loc":{"start":{"line":9,"column":43},"end":{"line":13,"column":5}}},"2":{"name":"(anonymous_10)","decl":{"start":{"line":10,"column":19},"end":{"line":10,"column":22}},"loc":{"start":{"line":10,"column":24},"end":{"line":12,"column":9}}},"3":{"name":"addTransformProperty","decl":{"start":{"line":16,"column":16},"end":{"line":16,"column":36}},"loc":{"start":{"line":16,"column":117},"end":{"line":30,"column":1}}},"4":{"name":"(anonymous_12)","decl":{"start":{"line":19,"column":14},"end":{"line":19,"column":15}},"loc":{"start":{"line":19,"column":33},"end":{"line":27,"column":5}}},"5":{"name":"replaceArrayFragment","decl":{"start":{"line":32,"column":16},"end":{"line":32,"column":36}},"loc":{"start":{"line":32,"column":106},"end":{"line":36,"column":1}}}},"branchMap":{"0":{"loc":{"start":{"line":24,"column":8},"end":{"line":26,"column":null}},"type":"if","locations":[{"start":{"line":24,"column":8},"end":{"line":26,"column":null}},{"start":{"line":24,"column":8},"end":{"line":26,"column":null}}]}},"s":{"0":1,"1":22,"2":22,"3":0,"4":1,"5":22,"6":22,"7":4400,"8":4400,"9":4400,"10":4400,"11":4400,"12":438,"13":22,"14":1,"15":0,"16":0,"17":0,"18":1},"f":{"0":22,"1":22,"2":0,"3":22,"4":4400,"5":0},"b":{"0":[438,3962]}}
,"/Users/vb/openSource/virtual-scroll/packages/vue-virtual-scroll/example/mock.ts": {"path":"/Users/vb/openSource/virtual-scroll/packages/vue-virtual-scroll/example/mock.ts","statementMap":{"0":{"start":{"line":1,"column":0},"end":{"line":1,"column":32}},"1":{"start":{"line":3,"column":17},"end":{"line":32,"column":2}},"2":{"start":{"line":33,"column":13},"end":{"line":37,"column":null}},"3":{"start":{"line":54,"column":20},"end":{"line":54,"column":22}},"4":{"start":{"line":56,"column":4},"end":{"line":65,"column":null}},"5":{"start":{"line":56,"column":16},"end":{"line":56,"column":17}},"6":{"start":{"line":57,"column":8},"end":{"line":64,"column":null}},"7":{"start":{"line":67,"column":4},"end":{"line":67,"column":null}},"8":{"start":{"line":53,"column":0},"end":{"line":53,"column":16}}},"fnMap":{"0":{"name":"getMessage","decl":{"start":{"line":53,"column":16},"end":{"line":53,"column":26}},"loc":{"start":{"line":53,"column":43},"end":{"line":68,"column":1}}}},"branchMap":{"0":{"loc":{"start":{"line":53,"column":42},"end":{"line":53,"column":43}},"type":"default-arg","locations":[{"start":{"line":53,"column":42},"end":{"line":53,"column":43}}]}},"s":{"0":1,"1":1,"2":1,"3":22,"4":22,"5":22,"6":4400,"7":22,"8":1},"f":{"0":22},"b":{"0":[0]}}
,"/Users/vb/openSource/virtual-scroll/packages/vue-virtual-scroll/example/utils.ts": {"path":"/Users/vb/openSource/virtual-scroll/packages/vue-virtual-scroll/example/utils.ts","statementMap":{"0":{"start":{"line":8,"column":4},"end":{"line":8,"column":null}},"1":{"start":{"line":7,"column":1},"end":{"line":7,"column":17}}},"fnMap":{"0":{"name":"getRandom","decl":{"start":{"line":7,"column":17},"end":{"line":7,"column":26}},"loc":{"start":{"line":7,"column":53},"end":{"line":9,"column":1}}}},"branchMap":{},"s":{"0":13200,"1":1},"f":{"0":13200},"b":{}}
,"/Users/vb/openSource/virtual-scroll/packages/vue-virtual-scroll/example/src/App.vue": {"path":"/Users/vb/openSource/virtual-scroll/packages/vue-virtual-scroll/example/src/App.vue","statementMap":{"0":{"start":{"line":6,"column":0},"end":{"line":6,"column":null}},"1":{"start":{"line":7,"column":0},"end":{"line":7,"column":null}},"2":{"start":{"line":8,"column":0},"end":{"line":8,"column":null}},"3":{"start":{"line":9,"column":0},"end":{"line":9,"column":null}},"4":{"start":{"line":10,"column":0},"end":{"line":10,"column":null}},"5":{"start":{"line":12,"column":0},"end":{"line":12,"column":15}},"6":{"start":{"line":23,"column":25},"end":{"line":23,"column":40}},"7":{"start":{"line":25,"column":8},"end":{"line":25,"column":18}},"8":{"start":{"line":28,"column":10},"end":{"line":28,"column":17}},"9":{"start":{"line":31,"column":8},"end":{"line":31,"column":null}}},"fnMap":{"0":{"name":"(anonymous_3)","decl":{"start":{"line":22,"column":4},"end":{"line":22,"column":9}},"loc":{"start":{"line":22,"column":15},"end":{"line":38,"column":null}}},"1":{"name":"getData","decl":{"start":{"line":27,"column":17},"end":{"line":27,"column":25}},"loc":{"start":{"line":27,"column":36},"end":{"line":29,"column":null}}}},"branchMap":{},"s":{"0":1,"1":1,"2":1,"3":1,"4":1,"5":1,"6":22,"7":22,"8":0,"9":22},"f":{"0":22,"1":0},"b":{}}
,"/Users/vb/openSource/virtual-scroll/packages/vue-virtual-scroll/example/src/scrollItem.vue": {"path":"/Users/vb/openSource/virtual-scroll/packages/vue-virtual-scroll/example/src/scrollItem.vue","statementMap":{"0":{"start":{"line":13,"column":0},"end":{"line":13,"column":null}},"1":{"start":{"line":16,"column":0},"end":{"line":16,"column":15}}},"fnMap":{"0":{"name":"(anonymous_0)","decl":{"start":{"line":20,"column":9},"end":{"line":20,"column":null}},"loc":{"start":{"line":20,"column":9},"end":{"line":21,"column":null}}}},"branchMap":{},"s":{"0":1,"1":1},"f":{"0":22},"b":{}}
,"/Users/vb/openSource/virtual-scroll/packages/vue-virtual-scroll/example/src/tombstone.vue": {"path":"/Users/vb/openSource/virtual-scroll/packages/vue-virtual-scroll/example/src/tombstone.vue","statementMap":{"0":{"start":{"line":11,"column":0},"end":{"line":11,"column":null}},"1":{"start":{"line":14,"column":0},"end":{"line":14,"column":15}}},"fnMap":{"0":{"name":"(anonymous_0)","decl":{"start":{"line":18,"column":9},"end":{"line":18,"column":null}},"loc":{"start":{"line":18,"column":9},"end":{"line":19,"column":null}}}},"branchMap":{},"s":{"0":1,"1":1},"f":{"0":460},"b":{}}
}
