{"/Users/vb/openSource/virtual-scroll/packages/vue-virtual-scroll/scroll.ts": {"path":"/Users/vb/openSource/virtual-scroll/packages/vue-virtual-scroll/scroll.ts","statementMap":{"0":{"start":{"line":7,"column":4},"end":{"line":7,"column":23}},"1":{"start":{"line":13,"column":22},"end":{"line":13,"column":39}},"2":{"start":{"line":14,"column":25},"end":{"line":14,"column":26}},"3":{"start":{"line":16,"column":4},"end":{"line":23,"column":5}},"4":{"start":{"line":17,"column":8},"end":{"line":22,"column":9}},"5":{"start":{"line":17,"column":20},"end":{"line":17,"column":30}},"6":{"start":{"line":18,"column":12},"end":{"line":21,"column":13}},"7":{"start":{"line":19,"column":16},"end":{"line":19,"column":26}},"8":{"start":{"line":20,"column":16},"end":{"line":20,"column":21}},"9":{"start":{"line":24,"column":4},"end":{"line":31,"column":5}},"10":{"start":{"line":25,"column":8},"end":{"line":30,"column":9}},"11":{"start":{"line":25,"column":20},"end":{"line":25,"column":30}},"12":{"start":{"line":26,"column":12},"end":{"line":29,"column":13}},"13":{"start":{"line":27,"column":16},"end":{"line":27,"column":26}},"14":{"start":{"line":28,"column":16},"end":{"line":28,"column":21}},"15":{"start":{"line":33,"column":4},"end":{"line":33,"column":17}},"16":{"start":{"line":37,"column":22},"end":{"line":37,"column":39}},"17":{"start":{"line":38,"column":25},"end":{"line":38,"column":26}},"18":{"start":{"line":40,"column":4},"end":{"line":45,"column":5}},"19":{"start":{"line":40,"column":16},"end":{"line":40,"column":17}},"20":{"start":{"line":41,"column":8},"end":{"line":44,"column":9}},"21":{"start":{"line":42,"column":12},"end":{"line":42,"column":22}},"22":{"start":{"line":43,"column":12},"end":{"line":43,"column":17}},"23":{"start":{"line":47,"column":4},"end":{"line":47,"column":17}}},"fnMap":{"0":{"name":"getScrollHeight","decl":{"start":{"line":6,"column":16},"end":{"line":6,"column":31}},"loc":{"start":{"line":6,"column":56},"end":{"line":8,"column":1}},"line":6},"1":{"name":"getScrollItemIndex","decl":{"start":{"line":11,"column":16},"end":{"line":11,"column":34}},"loc":{"start":{"line":11,"column":135},"end":{"line":34,"column":1}},"line":11},"2":{"name":"getCurrentTopItemIndex","decl":{"start":{"line":36,"column":16},"end":{"line":36,"column":38}},"loc":{"start":{"line":36,"column":91},"end":{"line":48,"column":1}},"line":36}},"branchMap":{"0":{"loc":{"start":{"line":11,"column":61},"end":{"line":11,"column":87}},"type":"default-arg","locations":[{"start":{"line":11,"column":81},"end":{"line":11,"column":87}}],"line":11},"1":{"loc":{"start":{"line":16,"column":4},"end":{"line":23,"column":5}},"type":"if","locations":[{"start":{"line":16,"column":4},"end":{"line":23,"column":5}},{"start":{"line":16,"column":4},"end":{"line":23,"column":5}}],"line":16},"2":{"loc":{"start":{"line":18,"column":12},"end":{"line":21,"column":13}},"type":"if","locations":[{"start":{"line":18,"column":12},"end":{"line":21,"column":13}},{"start":{"line":18,"column":12},"end":{"line":21,"column":13}}],"line":18},"3":{"loc":{"start":{"line":18,"column":15},"end":{"line":18,"column":95}},"type":"binary-expr","locations":[{"start":{"line":18,"column":15},"end":{"line":18,"column":52}},{"start":{"line":18,"column":56},"end":{"line":18,"column":95}}],"line":18},"4":{"loc":{"start":{"line":24,"column":4},"end":{"line":31,"column":5}},"type":"if","locations":[{"start":{"line":24,"column":4},"end":{"line":31,"column":5}},{"start":{"line":24,"column":4},"end":{"line":31,"column":5}}],"line":24},"5":{"loc":{"start":{"line":26,"column":12},"end":{"line":29,"column":13}},"type":"if","locations":[{"start":{"line":26,"column":12},"end":{"line":29,"column":13}},{"start":{"line":26,"column":12},"end":{"line":29,"column":13}}],"line":26},"6":{"loc":{"start":{"line":41,"column":8},"end":{"line":44,"column":9}},"type":"if","locations":[{"start":{"line":41,"column":8},"end":{"line":44,"column":9}},{"start":{"line":41,"column":8},"end":{"line":44,"column":9}}],"line":41},"7":{"loc":{"start":{"line":41,"column":11},"end":{"line":41,"column":90}},"type":"binary-expr","locations":[{"start":{"line":41,"column":11},"end":{"line":41,"column":48}},{"start":{"line":41,"column":52},"end":{"line":41,"column":90}}],"line":41}},"s":{"0":0,"1":1,"2":1,"3":1,"4":0,"5":0,"6":0,"7":0,"8":0,"9":1,"10":0,"11":0,"12":0,"13":0,"14":0,"15":1,"16":0,"17":0,"18":0,"19":0,"20":0,"21":0,"22":0,"23":0},"f":{"0":0,"1":1,"2":0},"b":{"0":[0],"1":[0,1],"2":[0,0],"3":[0,0],"4":[0,1],"5":[0,0],"6":[0,0],"7":[0,0]},"_coverageSchema":"1a1c01bbd47fc00a2c39e90264f33305004495a9","hash":"782f56ef3d4532a6f83be3b6c505c14f210b1ee7"}
}
