TN:
SF:scroll.ts
FN:6,getScrollHeight
FN:11,getScrollItemIndex
FN:36,getCurrentTopItemIndex
FNF:3
FNH:1
FNDA:0,getScrollHeight
FNDA:1,getScrollItemIndex
FNDA:0,getCurrentTopItemIndex
DA:7,0
DA:13,1
DA:14,1
DA:16,1
DA:17,0
DA:18,0
DA:19,0
DA:20,0
DA:24,1
DA:25,0
DA:26,0
DA:27,0
DA:28,0
DA:33,1
DA:37,0
DA:38,0
DA:40,0
DA:41,0
DA:42,0
DA:43,0
DA:47,0
LF:21
LH:5
BRDA:11,0,0,0
BRDA:16,1,0,0
BRDA:16,1,1,1
BRDA:18,2,0,0
BRDA:18,2,1,0
BRDA:18,3,0,0
BRDA:18,3,1,0
BRDA:24,4,0,0
BRDA:24,4,1,1
BRDA:26,5,0,0
BRDA:26,5,1,0
BRDA:41,6,0,0
BRDA:41,6,1,0
BRDA:41,7,0,0
BRDA:41,7,1,0
BRF:15
BRH:2
end_of_record
