TN:
SF:index.vue
FN:51,(anonymous_22)
FN:67,renderTomstoneItem
FN:68,(anonymous_24)
FN:84,(anonymous_25)
FN:96,renderItem
FN:112,recycle
FN:120,(anonymous_30)
FN:121,(anonymous_31)
FN:135,(anonymous_32)
FN:136,(anonymous_33)
FN:141,(anonymous_34)
FN:146,(anonymous_37)
FNF:12
FNH:5
FNDA:22,(anonymous_22)
FNDA:0,renderTomstoneItem
FNDA:0,(anonymous_24)
FNDA:0,(anonymous_25)
FNDA:22,renderItem
FNDA:0,recycle
FNDA:0,(anonymous_30)
FNDA:0,(anonymous_31)
FNDA:44,(anonymous_32)
FNDA:8800,(anonymous_33)
FNDA:44,(anonymous_34)
FNDA:0,(anonymous_37)
DA:21,1
DA:22,1
DA:23,1
DA:24,1
DA:25,1
DA:27,1
DA:51,22
DA:52,22
DA:53,22
DA:54,22
DA:55,22
DA:56,22
DA:57,22
DA:58,22
DA:59,22
DA:60,22
DA:61,22
DA:62,22
DA:65,22
DA:68,0
DA:69,0
DA:70,0
DA:73,0
DA:74,0
DA:75,0
DA:76,0
DA:77,0
DA:82,0
DA:84,0
DA:85,0
DA:88,0
DA:89,0
DA:90,0
DA:91,0
DA:92,0
DA:97,22
DA:98,22
DA:100,22
DA:101,22
DA:102,0
DA:103,0
DA:104,0
DA:106,0
DA:108,0
DA:110,0
DA:113,0
DA:117,0
DA:119,0
DA:120,0
DA:121,0
DA:122,0
DA:123,0
DA:124,0
DA:125,0
DA:128,0
DA:129,0
DA:130,0
DA:131,0
DA:135,22
DA:136,8800
DA:137,44
DA:138,0
DA:141,22
DA:142,22
DA:143,22
DA:144,22
DA:146,22
DA:147,0
DA:148,0
DA:152,0
DA:153,0
DA:154,0
DA:155,0
DA:157,0
DA:158,0
DA:160,0
DA:161,0
DA:162,0
DA:164,0
DA:166,0
DA:167,0
DA:168,0
DA:170,0
DA:171,0
DA:175,22
LF:85
LH:32
BRDA:74,0,0,0
BRDA:74,0,1,0
BRDA:80,1,0,0
BRDA:80,1,1,0
BRDA:88,2,0,0
BRDA:88,2,1,0
BRDA:97,3,0,0
BRDA:97,3,1,22
BRDA:102,4,0,0
BRDA:102,4,1,0
BRDA:102,5,0,0
BRDA:102,5,1,0
BRDA:103,6,0,0
BRDA:103,6,1,0
BRDA:122,7,0,0
BRDA:122,7,1,0
BRDA:128,8,0,0
BRDA:128,8,1,0
BRDA:137,9,0,0
BRDA:137,9,1,44
BRDA:142,10,0,0
BRDA:142,10,1,22
BRDA:142,11,0,22
BRDA:142,11,1,22
BRDA:146,12,0,0
BRDA:146,12,1,22
BRDA:146,13,0,22
BRDA:146,13,1,22
BRDA:153,14,0,0
BRDA:153,14,1,0
BRDA:160,15,0,0
BRDA:160,15,1,0
BRDA:161,16,0,0
BRDA:161,16,1,0
BRDA:166,17,0,0
BRDA:166,17,1,0
BRF:36
BRH:8
end_of_record
TN:
SF:queue.ts
FN:4,addQueue
FN:11,executionQueue
FNF:2
FNH:0
FNDA:0,addQueue
FNDA:0,executionQueue
DA:1,1
DA:2,1
DA:5,0
DA:6,0
DA:7,0
DA:12,0
DA:13,0
DA:14,0
DA:15,0
DA:16,0
DA:17,0
DA:21,1
LF:12
LH:3
BRDA:6,0,0,0
BRDA:6,0,1,0
BRDA:16,1,0,0
BRDA:16,1,1,0
BRF:4
BRH:0
end_of_record
TN:
SF:scroll.ts
FN:5,getScrollHeight
FN:10,getScrollItemIndex
FN:35,getCurrentTopItemIndex
FNF:3
FNH:0
FNDA:0,getScrollHeight
FNDA:0,getScrollItemIndex
FNDA:0,getCurrentTopItemIndex
DA:5,1
DA:6,0
DA:10,1
DA:12,0
DA:13,0
DA:15,0
DA:16,0
DA:17,0
DA:18,0
DA:19,0
DA:23,0
DA:24,0
DA:25,0
DA:26,0
DA:27,0
DA:32,0
DA:35,1
DA:36,0
DA:37,0
DA:39,0
DA:40,0
DA:41,0
DA:42,0
DA:46,0
LF:24
LH:3
BRDA:10,0,0,0
BRDA:15,1,0,0
BRDA:15,1,1,0
BRDA:17,2,0,0
BRDA:17,2,1,0
BRDA:17,3,0,0
BRDA:17,3,1,0
BRDA:23,4,0,0
BRDA:23,4,1,0
BRDA:25,5,0,0
BRDA:25,5,1,0
BRDA:40,6,0,0
BRDA:40,6,1,0
BRDA:40,7,0,0
BRDA:40,7,1,0
BRF:15
BRH:0
end_of_record
TN:
SF:utils.ts
FN:8,sleep
FN:9,(anonymous_9)
FN:10,(anonymous_10)
FN:16,addTransformProperty
FN:19,(anonymous_12)
FN:32,replaceArrayFragment
FNF:6
FNH:4
FNDA:22,sleep
FNDA:22,(anonymous_9)
FNDA:0,(anonymous_10)
FNDA:22,addTransformProperty
FNDA:4400,(anonymous_12)
FNDA:0,replaceArrayFragment
DA:1,1
DA:8,1
DA:9,22
DA:10,22
DA:11,0
DA:16,1
DA:17,22
DA:19,22
DA:20,4400
DA:21,4400
DA:22,4400
DA:23,4400
DA:24,4400
DA:25,438
DA:29,22
DA:32,1
DA:33,0
DA:34,0
LF:18
LH:15
BRDA:24,0,0,438
BRDA:24,0,1,3962
BRF:2
BRH:2
end_of_record
TN:
SF:example/mock.ts
FN:53,getMessage
FNF:1
FNH:1
FNDA:22,getMessage
DA:1,1
DA:3,1
DA:33,1
DA:53,1
DA:54,22
DA:56,22
DA:57,4400
DA:67,22
LF:8
LH:8
BRDA:53,0,0,0
BRF:1
BRH:0
end_of_record
TN:
SF:example/utils.ts
FN:7,getRandom
FNF:1
FNH:1
FNDA:13200,getRandom
DA:7,1
DA:8,13200
LF:2
LH:2
BRF:0
BRH:0
end_of_record
TN:
SF:example/src/App.vue
FN:22,(anonymous_3)
FN:27,getData
FNF:2
FNH:1
FNDA:22,(anonymous_3)
FNDA:0,getData
DA:6,1
DA:7,1
DA:8,1
DA:9,1
DA:10,1
DA:12,1
DA:23,22
DA:25,22
DA:28,0
DA:31,22
LF:10
LH:9
BRF:0
BRH:0
end_of_record
TN:
SF:example/src/scrollItem.vue
FN:20,(anonymous_0)
FNF:1
FNH:1
FNDA:22,(anonymous_0)
DA:13,1
DA:16,1
LF:2
LH:2
BRF:0
BRH:0
end_of_record
TN:
SF:example/src/tombstone.vue
FN:18,(anonymous_0)
FNF:1
FNH:1
FNDA:460,(anonymous_0)
DA:11,1
DA:14,1
LF:2
LH:2
BRF:0
BRH:0
end_of_record
